c:\users\leetl\source\repos\meplus\meplus\x64\debug\vc143.pdb
c:\users\leetl\source\repos\meplus\meplus\x64\debug\vc143.idb
c:\users\leetl\source\repos\meplus\meplus\x64\debug\main.obj
c:\users\leetl\source\repos\meplus\x64\debug\meplus.exe
c:\users\leetl\source\repos\meplus\meplus\x64\debug\meplus.ilk
c:\users\leetl\source\repos\meplus\x64\debug\meplus.pdb
c:\users\leetl\source\repos\meplus\meplus\x64\debug\glad.obj
c:\users\leetl\source\repos\meplus\meplus\x64\debug\meplus.tlog\cl.command.1.tlog
c:\users\leetl\source\repos\meplus\meplus\x64\debug\meplus.tlog\cl.items.tlog
c:\users\leetl\source\repos\meplus\meplus\x64\debug\meplus.tlog\cl.read.1.tlog
c:\users\leetl\source\repos\meplus\meplus\x64\debug\meplus.tlog\cl.write.1.tlog
c:\users\leetl\source\repos\meplus\meplus\x64\debug\meplus.tlog\link.6716-cvtres.read.1.tlog
c:\users\leetl\source\repos\meplus\meplus\x64\debug\meplus.tlog\link.6716-cvtres.write.1.tlog
c:\users\leetl\source\repos\meplus\meplus\x64\debug\meplus.tlog\link.6716-rc.read.1.tlog
c:\users\leetl\source\repos\meplus\meplus\x64\debug\meplus.tlog\link.6716-rc.write.1.tlog
c:\users\leetl\source\repos\meplus\meplus\x64\debug\meplus.tlog\link.6716.read.1.tlog
c:\users\leetl\source\repos\meplus\meplus\x64\debug\meplus.tlog\link.6716.read.2.tlog
c:\users\leetl\source\repos\meplus\meplus\x64\debug\meplus.tlog\link.6716.write.1.tlog
c:\users\leetl\source\repos\meplus\meplus\x64\debug\meplus.tlog\link.command.1.tlog
c:\users\leetl\source\repos\meplus\meplus\x64\debug\meplus.tlog\link.read.1.tlog
c:\users\leetl\source\repos\meplus\meplus\x64\debug\meplus.tlog\link.write.1.tlog
